0 info it worked if it ends with ok
1 verbose cli [ '/usr/bin/nodejs', '/usr/bin/npm', 'install', 'nokogiri' ]
2 info using npm@3.5.2
3 info using node@v4.7.2
4 silly loadCurrentTree Starting
5 silly install loadCurrentTree
6 silly install readLocalPackageData
7 silly fetchPackageMetaData nokogiri
8 silly fetchNamedPackageData nokogiri
9 silly mapToRegistry name nokogiri
10 silly mapToRegistry using default registry
11 silly mapToRegistry registry https://registry.npmjs.org/
12 silly mapToRegistry uri https://registry.npmjs.org/nokogiri
13 verbose request uri https://registry.npmjs.org/nokogiri
14 verbose request no auth needed
15 info attempt registry request try #1 at 6:39:02 PM
16 verbose request id 7a06f576be5dec1a
17 http request GET https://registry.npmjs.org/nokogiri
18 http 200 https://registry.npmjs.org/nokogiri
19 verbose headers { server: 'nginx/1.10.1',
19 verbose headers   'content-type': 'application/json',
19 verbose headers   'last-modified': 'Thu, 17 Dec 2015 05:16:47 GMT',
19 verbose headers   etag: 'W/"5672453f-1b5"',
19 verbose headers   'content-encoding': 'gzip',
19 verbose headers   'cache-control': 'max-age=300',
19 verbose headers   'content-length': '257',
19 verbose headers   'accept-ranges': 'bytes',
19 verbose headers   date: 'Thu, 07 Sep 2017 15:39:02 GMT',
19 verbose headers   via: '1.1 varnish',
19 verbose headers   age: '0',
19 verbose headers   connection: 'keep-alive',
19 verbose headers   'x-served-by': 'cache-hhn1545-HHN',
19 verbose headers   'x-cache': 'MISS',
19 verbose headers   'x-cache-hits': '0',
19 verbose headers   'x-timer': 'S1504798742.317705,VS0,VE43',
19 verbose headers   vary: 'Accept-Encoding, Accept' }
20 silly get cb [ 200,
20 silly get   { server: 'nginx/1.10.1',
20 silly get     'content-type': 'application/json',
20 silly get     'last-modified': 'Thu, 17 Dec 2015 05:16:47 GMT',
20 silly get     etag: 'W/"5672453f-1b5"',
20 silly get     'content-encoding': 'gzip',
20 silly get     'cache-control': 'max-age=300',
20 silly get     'content-length': '257',
20 silly get     'accept-ranges': 'bytes',
20 silly get     date: 'Thu, 07 Sep 2017 15:39:02 GMT',
20 silly get     via: '1.1 varnish',
20 silly get     age: '0',
20 silly get     connection: 'keep-alive',
20 silly get     'x-served-by': 'cache-hhn1545-HHN',
20 silly get     'x-cache': 'MISS',
20 silly get     'x-cache-hits': '0',
20 silly get     'x-timer': 'S1504798742.317705,VS0,VE43',
20 silly get     vary: 'Accept-Encoding, Accept' } ]
21 verbose get saving nokogiri to /home/gleb/.npm/registry.npmjs.org/nokogiri/.cache.json
22 verbose stack TypeError: Cannot convert undefined or null to object
22 verbose stack     at Function.keys (native)
22 verbose stack     at pickVersionFromRegistryDocument (/usr/share/npm/lib/fetch-package-metadata.js:121:29)
22 verbose stack     at /usr/share/npm/node_modules/iferr/index.js:13:50
22 verbose stack     at /usr/share/npm/lib/utils/pulse-till-done.js:19:8
22 verbose stack     at saved (/usr/share/npm/lib/cache/caching-client.js:168:7)
22 verbose stack     at /usr/share/npm/node_modules/graceful-fs/polyfills.js:210:7
22 verbose stack     at FSReqWrap.oncomplete (fs.js:82:15)
23 verbose cwd /home/gleb/testTask
24 error Linux 4.10.0-33-generic
25 error argv "/usr/bin/nodejs" "/usr/bin/npm" "install" "nokogiri"
26 error node v4.7.2
27 error npm  v3.5.2
28 error Cannot convert undefined or null to object
29 error If you need help, you may report this error at:
29 error     <https://github.com/npm/npm/issues>
30 verbose exit [ 1, true ]
